<?xml version="1.0" encoding="UTF-8"?>
<!-- Generated by org.testng.reporters.JUnitXMLReporter -->
<testsuite hostname="DESKTOP-1C6302R" ignored="0" name="Surefire test" tests="9" failures="0" timestamp="26 Jan 2019 19:28:37 GMT" time="332.065" errors="0">
  <testcase name="selectcontactTest" time="0.227" classname="com.CRM.testcases.ContactPageTest"/>
  <testcase name="selectmultiplecontactsTest" time="0.477" classname="com.CRM.testcases.ContactPageTest"/>
  <testcase name="verifyContactspagelabelTest" time="0.094" classname="com.CRM.testcases.ContactPageTest"/>
  <testcase name="clickonContactlinkTest" time="1.711" classname="com.CRM.testcases.HomePageTest"/>
  <testcase name="verifyHomePagetitleTest" time="0.013" classname="com.CRM.testcases.HomePageTest"/>
  <testcase name="verifyUsernamelabelTest" time="0.084" classname="com.CRM.testcases.HomePageTest"/>
  <testcase name="CRMlogin" time="19.55" classname="com.CRM.testcases.LoginTest"/>
  <testcase name="CRMlogoTest" time="0.079" classname="com.CRM.testcases.LoginTest"/>
  <testcase name="pagetitleTest" time="0.015" classname="com.CRM.testcases.LoginTest"/>
</testsuite> <!-- Surefire test -->
