<?xml version="1.0" encoding="UTF-8"?>
<!-- Generated by org.testng.reporters.JUnitXMLReporter -->
<testsuite hostname="DESKTOP-1C6302R" ignored="0" name="Default test" tests="3" failures="0" timestamp="26 Jan 2019 16:11:30 GMT" time="47.636" errors="0">
  <testcase name="CRMlogin" time="11.372" classname="com.CRM.testcases.LoginTest"/>
  <testcase name="CRMlogoTest" time="0.111" classname="com.CRM.testcases.LoginTest"/>
  <testcase name="pagetitleTest" time="0.005" classname="com.CRM.testcases.LoginTest"/>
</testsuite> <!-- Default test -->
