<?xml version="1.0" encoding="UTF-8"?>
<testsuite xmlns:xsi="http://www.w3.org/2001/XMLSchema-instance" xsi:noNamespaceSchemaLocation="https://maven.apache.org/surefire/maven-surefire-plugin/xsd/surefire-test-report.xsd" name="TestSuite" time="332.565" tests="9" errors="0" skipped="0" failures="0">
  <properties>
[...]
</properties>
  <testcase name="selectcontactTest" classname="com.CRM.testcases.ContactPageTest" time="0.228"/>
  <testcase name="selectmultiplecontactsTest" classname="com.CRM.testcases.ContactPageTest" time="0.478"/>
  <testcase name="verifyContactspagelabelTest" classname="com.CRM.testcases.ContactPageTest" time="0.094"/>
  <testcase name="clickonContactlinkTest" classname="com.CRM.testcases.HomePageTest" time="1.71"/>
  <testcase name="verifyHomePagetitleTest" classname="com.CRM.testcases.HomePageTest" time="0.012"/>
  <testcase name="verifyUsernamelabelTest" classname="com.CRM.testcases.HomePageTest" time="0.085"/>
  <testcase name="CRMlogin" classname="com.CRM.testcases.LoginTest" time="19.551"/>
  <testcase name="CRMlogoTest" classname="com.CRM.testcases.LoginTest" time="0.079"/>
  <testcase name="pagetitleTest" classname="com.CRM.testcases.LoginTest" time="0.015"/>
</testsuite>